Array
(
    [id] => 21589468
    [name] => Запись с NOVA ORDERS
    [responsible_user_id] => 1301478
    [created_by] => 1301478
    [created_at] => 1557695902
    [updated_at] => 1557695906
    [account_id] => 13832928
    [pipeline_id] => 679696
    [status_id] => 15562216
    [is_deleted] => 
    [main_contact] => Array
        (
            [id] => 36673180
            [_links] => Array
                (
                    [self] => Array
                        (
                            [href] => /api/v2/contacts?id=36673180
                            [method] => get
                        )

                )

        )

    [group_id] => 0
    [company] => Array
        (
        )

    [closed_at] => 0
    [closest_task_at] => 0
    [tags] => Array
        (
        )

    [custom_fields] => Array
        (
            [0] => Array
                (
                    [id] => 103878
                    [name] => Количество детей
                    [values] => Array
                        (
                            [0] => Array
                                (
                                    [value] => 1
                                )

                        )

                    [is_system] => 
                )

            [1] => Array
                (
                    [id] => 103924
                    [name] => Дата экскурсии
                    [values] => Array
                        (
                            [0] => Array
                                (
                                    [value] => 2019-05-19 00:00:00
                                )

                        )

                    [is_system] => 
                )

            [2] => Array
                (
                    [id] => 118724
                    [name] => Время начала экскурсии
                    [values] => Array
                        (
                            [0] => Array
                                (
                                    [value] => 14:30
                                )

                        )

                    [is_system] => 
                )

            [3] => Array
                (
                    [id] => 118760
                    [name] => Стоимость с человека
                    [values] => Array
                        (
                            [0] => Array
                                (
                                    [value] => 1850
                                )

                        )

                    [is_system] => 
                )

            [4] => Array
                (
                    [id] => 574181
                    [name] => Название экскурсии
                    [values] => Array
                        (
                            [0] => Array
                                (
                                    [value] => Пушкинский музей - Мифы и легенды Древней Греции
                                )

                        )

                    [is_system] => 
                )

            [5] => Array
                (
                    [id] => 600116
                    [name] => Event ID
                    [values] => Array
                        (
                            [0] => Array
                                (
                                    [value] => 2174996
                                )

                        )

                    [is_system] => 
                )

        )

    [contacts] => Array
        (
            [id] => Array
                (
                    [0] => 36673180
                )

            [_links] => Array
                (
                    [self] => Array
                        (
                            [href] => /api/v2/contacts?id=36673180
                            [method] => get
                        )

                )

        )

    [catalog_elements] => Array
        (
            [id] => Array
                (
                    [0] => 2174996
                )

            [_links] => Array
                (
                    [self] => Array
                        (
                            [href] => /api/v2/catalog_elements?catalog_id=6687&id=2174996
                            [method] => get
                        )

                )

        )

    [sale] => 1850
    [loss_reason_id] => 0
    [pipeline] => Array
        (
            [id] => 679696
            [_links] => Array
                (
                    [self] => Array
                        (
                            [href] => /api/v2/pipelines?id=679696
                            [method] => get
                        )

                )

        )

    [_links] => Array
        (
            [self] => Array
                (
                    [href] => /api/v2/leads?id=21589468
                    [method] => get
                )

        )

)
